
                      code_saturne is running
                      ***********************

 Version: 2.1.0
 Path:    /usr

 Result directory:
   /home/vance/Capstone13-14/MCCapstone13-14/CFDTut/CylinderFlow/cylinder_flow/2D/RESU/20131009-1006


 Parallel code_saturne on 4 processes.


 ****************************
  Preparing calculation data
 ****************************


 ***************************
  Preprocessing calculation
 ***************************

Warning: /usr/lib/code_saturne/cs_partition not found.

The partitioner may not have been installed  (this is the case if neither METIS nor SCOTCH  are available).

Partitioning by a space-filling curve will be used.


 **********************
  Starting calculation
 **********************

--------------------------------------------------------------------------
[[49788,1],3]: A high-performance Open MPI point-to-point messaging module
was unable to find any relevant network interfaces:

Module: OpenFabrics (openib)
  Host: atlacamani

Another transport will be used instead, although this may result in
lower performance.
--------------------------------------------------------------------------
[atlacamani:31253] 3 more processes have sent help message help-mpi-btl-base.txt / btl:no-nics
[atlacamani:31253] Set MCA parameter "orte_base_help_aggregate" to 0 to see all help / error messages

 ****************************
  Saving calculation results
 ****************************

